#-----------------------------------------------------------
# Vivado v2017.4 (64-bit)
# SW Build 2086221 on Fri Dec 15 20:55:39 MST 2017
# IP Build 2085800 on Fri Dec 15 22:25:07 MST 2017
# Start of session at: Sat Dec 23 20:06:39 2023
# Process ID: 11968
# Current directory: C:/Users/Langchu HUANG/OneDrive - SUSTech/Desktop/piano
# Command line: vivado.exe -gui_launcher_event rodinguilauncherevent10252 C:\Users\Langchu HUANG\OneDrive - SUSTech\Desktop\piano\piano.xpr
# Log file: C:/Users/Langchu HUANG/OneDrive - SUSTech/Desktop/piano/vivado.log
# Journal file: C:/Users/Langchu HUANG/OneDrive - SUSTech/Desktop/piano\vivado.jou
#-----------------------------------------------------------
start_gui
open_project {C:/Users/Langchu HUANG/OneDrive - SUSTech/Desktop/piano/piano.xpr}
Scanning sources...
Finished scanning sources
INFO: [IP_Flow 19-234] Refreshing IP repositories
INFO: [IP_Flow 19-1704] No user IP repositories specified
INFO: [IP_Flow 19-2313] Loaded Vivado IP repository 'C:/Vivado/2017.4/data/ip'.
update_compile_order -fileset sources_1
INFO: [Device 21-403] Loading part xc7a35tcsg324-1
WARNING: [IP_Flow 19-4067] Ignoring invalid widget type specified checkbox.Providing a default widget
WARNING: [IP_Flow 19-4067] Ignoring invalid widget type specified checkbox.Providing a default widget
create_ip -name blk_mem_gen -vendor xilinx.com -library ip -version 8.4 -module_name blk_mem_gen_0 -dir {c:/Users/Langchu HUANG/OneDrive - SUSTech/Desktop/piano/piano.srcs/sources_1/ip}
set_property -dict [list CONFIG.Write_Width_A {8} CONFIG.Write_Depth_A {8} CONFIG.Read_Width_A {8} CONFIG.Write_Width_B {8} CONFIG.Read_Width_B {8} CONFIG.Load_Init_File {true} CONFIG.Coe_File {c:/Users/Langchu HUANG/OneDrive - SUSTech/Desktop/piano/piano.srcs/sources_1/ip_FREE.coe} CONFIG.Fill_Remaining_Memory_Locations {true}] [get_ips blk_mem_gen_0]
INFO: [IP_Flow 19-3484] Absolute path of file 'c:/Users/Langchu HUANG/OneDrive - SUSTech/Desktop/piano/piano.srcs/sources_1/ip_FREE.coe' provided. It will be converted relative to IP Instance files '../../ip_FREE.coe'
generate_target {instantiation_template} [get_files {{c:/Users/Langchu HUANG/OneDrive - SUSTech/Desktop/piano/piano.srcs/sources_1/ip/blk_mem_gen_0/blk_mem_gen_0.xci}}]
INFO: [IP_Flow 19-1686] Generating 'Instantiation Template' target for IP 'blk_mem_gen_0'...
update_compile_order -fileset sources_1
generate_target all [get_files  {{c:/Users/Langchu HUANG/OneDrive - SUSTech/Desktop/piano/piano.srcs/sources_1/ip/blk_mem_gen_0/blk_mem_gen_0.xci}}]
INFO: [IP_Flow 19-1686] Generating 'Synthesis' target for IP 'blk_mem_gen_0'...
INFO: [IP_Flow 19-1686] Generating 'Simulation' target for IP 'blk_mem_gen_0'...
INFO: [IP_Flow 19-1686] Generating 'Miscellaneous' target for IP 'blk_mem_gen_0'...
INFO: [IP_Flow 19-1686] Generating 'Change Log' target for IP 'blk_mem_gen_0'...
catch { config_ip_cache -export [get_ips -all blk_mem_gen_0] }
export_ip_user_files -of_objects [get_files {{c:/Users/Langchu HUANG/OneDrive - SUSTech/Desktop/piano/piano.srcs/sources_1/ip/blk_mem_gen_0/blk_mem_gen_0.xci}}] -no_script -sync -force -quiet
create_ip_run [get_files -of_objects [get_fileset sources_1] {{c:/Users/Langchu HUANG/OneDrive - SUSTech/Desktop/piano/piano.srcs/sources_1/ip/blk_mem_gen_0/blk_mem_gen_0.xci}}]
launch_runs -jobs 7 blk_mem_gen_0_synth_1
[Sat Dec 23 20:50:46 2023] Launched blk_mem_gen_0_synth_1...
Run output will be captured here: C:/Users/Langchu HUANG/OneDrive - SUSTech/Desktop/piano/piano.runs/blk_mem_gen_0_synth_1/runme.log
export_simulation -of_objects [get_files {{c:/Users/Langchu HUANG/OneDrive - SUSTech/Desktop/piano/piano.srcs/sources_1/ip/blk_mem_gen_0/blk_mem_gen_0.xci}}] -directory {C:/Users/Langchu HUANG/OneDrive - SUSTech/Desktop/piano/piano.ip_user_files/sim_scripts} -ip_user_files_dir {C:/Users/Langchu HUANG/OneDrive - SUSTech/Desktop/piano/piano.ip_user_files} -ipstatic_source_dir {C:/Users/Langchu HUANG/OneDrive - SUSTech/Desktop/piano/piano.ip_user_files/ipstatic} -lib_map_path [list {modelsim=C:/Users/Langchu HUANG/OneDrive - SUSTech/Desktop/piano/piano.cache/compile_simlib/modelsim} {questa=C:/Users/Langchu HUANG/OneDrive - SUSTech/Desktop/piano/piano.cache/compile_simlib/questa} {riviera=C:/Users/Langchu HUANG/OneDrive - SUSTech/Desktop/piano/piano.cache/compile_simlib/riviera} {activehdl=C:/Users/Langchu HUANG/OneDrive - SUSTech/Desktop/piano/piano.cache/compile_simlib/activehdl}] -use_ip_compiled_libs -force -quiet
add_files -norecurse {{C:/Users/Langchu HUANG/OneDrive - SUSTech/Desktop/piano/piano.srcs/sources_1/new/Buzzer4.v}}
update_compile_order -fileset sources_1
update_compile_order -fileset sources_1
update_compile_order -fileset sources_1
add_files -norecurse {{C:/Users/Langchu HUANG/OneDrive - SUSTech/Desktop/piano/piano.srcs/sources_1/new/BPM_Counter.v}}
update_compile_order -fileset sources_1
close [ open {C:/Users/Langchu HUANG/OneDrive - SUSTech/Desktop/piano/piano.srcs/sources_1/new/led_ctrl.v} w ]
add_files {{C:/Users/Langchu HUANG/OneDrive - SUSTech/Desktop/piano/piano.srcs/sources_1/new/led_ctrl.v}}
update_compile_order -fileset sources_1
update_compile_order -fileset sources_1
exit
INFO: [Common 17-206] Exiting Vivado at Sun Dec 24 14:49:04 2023...
